<?xml version="1.0" encoding="UTF-8"?>
<testsuite name="solutions.RegionTest" tests="4" skipped="0" failures="0" errors="0" timestamp="2024-12-14T20:14:17" hostname="polpc14837" time="0.074">
  <properties/>
  <testcase name="should calculate proper number of slides for region in E shape()" classname="solutions.RegionTest" time="0.051"/>
  <testcase name="should calculate proper number of slides fo region F from example()" classname="solutions.RegionTest" time="0.006"/>
  <testcase name="should calculate proper number of slides for irregular shape()" classname="solutions.RegionTest" time="0.005"/>
  <testcase name="should calculate proper number of slides fo square()" classname="solutions.RegionTest" time="0.0"/>
  <system-out><![CDATA[]]></system-out>
  <system-err><![CDATA[]]></system-err>
</testsuite>
